<?xml version="1.0" encoding="UTF-8"?>
<!-- Generated by org.testng.reporters.JUnitReportReporter -->
<testsuite hostname="LAPTOP-SGHH5E1T" failures="0" tests="2" name="Testcases.Loginpage_testcase" time="44.327" errors="0" timestamp="2020-02-05T17:49:13 IST" skipped="0">
  <testcase classname="Testcases.Loginpage_testcase" name="assignment2" time="21.021"/>
  <testcase classname="Testcases.Loginpage_testcase" name="assignment1" time="23.306"/>
</testsuite> <!-- Testcases.Loginpage_testcase -->
